[0mGET /vendor/underscore.js [36m304 [0m14.555 ms - -[0m
36m304 [0m6.318 ms - -[0m
[0mGET /todos.css [36m304 [0m4.603 ms - -[0m
[0mGET /vendor/json2.js [36m304 [0m0.488 ms - -[0m
[0mGET /vendor/jquery.js [36m304 [0m0.411 ms - -[0m
[0mGET /vendor/underscore.js [36m304 [0m0.347 ms - -[0m
[0mGET /vendor/backbone.js [36m304 [0m0.314 ms - -[0m
[0mGET /vendor/backbone.localStorage.js [36m304 [0m0.667 ms - -[0m
[0mGET /vendor/prettyTimeDiff.js [36m304 [0m0.349 ms - -[0m
[0mGET /vendor/jquery.xdomainajax.js [36m304 [0m0.483 ms - -[0m
[0mGET /vendor/jquery.touchSwipe.min.js [36m304 [0m0.294 ms - -[0m
[0mGET /js/todos.js [36m304 [0m0.363 ms - -[0m
[0mGET /img/destroy.png [36m304 [0m0.662 ms - -[0m
[0mGET / [36m304 [0m1.101 ms - -[0m
[0mGET /todos.css [36m304 [0m3.201 ms - -[0m
[0mGET /vendor/json2.js [36m304 [0m3.076 ms - -[0m
[0mGET /vendor/jquery.js [36m304 [0m3.200 ms - -[0m
[0mGET /vendor/underscore.js [36m304 [0m3.156 ms - -[0m
[0mGET /vendor/backbone.js [36m304 [0m3.441 ms - -[0m
[0mGET /vendor/backbone.localStorage.js [36m304 [0m3.425 ms - -[0m
[0mGET /vendor/prettyTimeDiff.js [36m304 [0m1.936 ms - -[0m
[0mGET /vendor/jquery.xdomainajax.js [36m304 [0m1.858 ms - -[0m
[0mGET /vendor/jquery.touchSwipe.min.js [36m304 [0m2.187 ms - -[0m
[0mGET /js/todos.js [36m304 [0m1.663 ms - -[0m
[0mGET /img/favicon.ico [36m304 [0m0.444 ms - -[0m
[0mGET / [36m304 [0m1.350 ms - -[0m
[0mGET /todos.css [36m304 [0m0.816 ms - -[0m
[0mGET /vendor/json2.js [36m304 [0m25.346 ms - -[0m
[0mGET /vendor/jquery.js [36m304 [0m0.421 ms - -[0m
[0mGET /vendor/underscore.js [36m304 [0m0.490 ms - -[0m
[0mGET /vendor/backbone.js [36m304 [0m0.513 ms - -[0m
[0mGET /vendor/backbone.localStorage.js [36m304 [0m0.480 ms - -[0m
[0mGET /vendor/prettyTimeDiff.js [36m304 [0m0.548 ms - -[0m
[0mGET /vendor/jquery.xdomainajax.js [36m304 [0m0.592 ms - -[0m
[0mGET /vendor/jquery.touchSwipe.min.js [36m304 [0m0.585 ms - -[0m
[0mGET /js/todos.js [32m200 [0m28.003 ms - 13143[0m
[0mGET /img/destroy.png [36m304 [0m0.795 ms - -[0m
[0mGET / [36m304 [0m1.107 ms - -[0m
[0mGET /todos.css [36m304 [0m3.384 ms - -[0m
[0mGET /vendor/json2.js [36m304 [0m3.888 ms - -[0m
[0mGET /vendor/jquery.js [36m304 [0m2.922 ms - -[0m
[0mGET /vendor/backbone.localStorage.js [36m304 [0m3.912 ms - -[0m
[0mGET /vendor/prettyTimeDiff.js [36m304 [0m3.122 ms - -[0m
[0mGET /vendor/jquery.xdomainajax.js [36m304 [0m2.226 ms - -[0m
[0mGET /vendor/jquery.touchSwipe.min.js [36m304 [0m4.505 ms - -[0m
[0mGET /js/todos.js [36m304 [0m0.692 ms - -[0m
[0mGET /img/favicon.ico [36m304 [0m0.969 ms - -[0m
